<?xml version="1.0" encoding="UTF-8"?>
<testng-results ignored="0" total="1" passed="1" failed="0" skipped="0">
  <reporter-output>
  </reporter-output>
  <suite started-at="2023-10-26T21:51:07 IST" name="Default suite" finished-at="2023-10-26T21:51:46 IST" duration-ms="38664">
    <groups>
    </groups>
    <test started-at="2023-10-26T21:51:07 IST" name="Default test" finished-at="2023-10-26T21:51:46 IST" duration-ms="38664">
      <class name="TestCases.VerifyAmazon">
        <test-method signature="Login()[pri:0, instance:TestCases.VerifyAmazon@38afe297]" started-at="2023-10-26T21:51:07 IST" name="Login" finished-at="2023-10-26T21:51:46 IST" duration-ms="38569" status="PASS">
          <reporter-output>
          </reporter-output>
        </test-method> <!-- Login -->
      </class> <!-- TestCases.VerifyAmazon -->
    </test> <!-- Default test -->
  </suite> <!-- Default suite -->
</testng-results>
